<?xml version="1.0" encoding="UTF-8"?>
<!-- Generated by org.testng.reporters.JUnitXMLReporter -->
<testsuite hostname="DESKTOP-1E44LHG" ignored="0" name="Regression suite 1" tests="3" failures="0" timestamp="24 Jun 2018 16:00:25 GMT" time="0.075" errors="0">
  <testcase name="sumDoubleTest" time="0.012" classname="tests.testng.SumDoubleTest"/>
  <testcase name="sumDoubleTest" time="0.0" classname="tests.testng.SumDoubleTest"/>
  <testcase name="sumDoubleTest" time="0.001" classname="tests.testng.SumDoubleTest"/>
</testsuite> <!-- Regression suite 1 -->
